0 info it worked if it ends with ok
1 verbose cli [ '/Users/n0292545/.nvm/versions/node/v6.9.4/bin/node',
1 verbose cli   '/Users/n0292545/.nvm/versions/node/v6.9.4/bin/npm',
1 verbose cli   'start' ]
2 info using npm@3.10.10
3 info using node@v6.9.4
4 verbose run-script [ 'prestart', 'start', 'poststart' ]
5 info lifecycle javascript-development-environment@1.0.0~prestart: javascript-development-environment@1.0.0
6 verbose lifecycle javascript-development-environment@1.0.0~prestart: unsafe-perm in lifecycle true
7 verbose lifecycle javascript-development-environment@1.0.0~prestart: PATH: /Users/n0292545/.nvm/versions/node/v6.9.4/lib/node_modules/npm/bin/node-gyp-bin:/Users/n0292545/Workspace/startup-kit/node_modules/.bin:/opt/local/bin:/opt/local/sbin:/Users/n0292545/.nvm/versions/node/v6.9.4/bin:/usr/local/bin:/usr/bin:/bin:/usr/sbin:/sbin:/opt/X11/bin:/usr/local/share/dotnet:/Library/Frameworks/Mono.framework/Versions/Current/Commands
8 verbose lifecycle javascript-development-environment@1.0.0~prestart: CWD: /Users/n0292545/Workspace/startup-kit
9 silly lifecycle javascript-development-environment@1.0.0~prestart: Args: [ '-c', 'babel-node buildScripts/startMessage.js' ]
10 silly lifecycle javascript-development-environment@1.0.0~prestart: Returned: code: 0  signal: null
11 info lifecycle javascript-development-environment@1.0.0~start: javascript-development-environment@1.0.0
12 verbose lifecycle javascript-development-environment@1.0.0~start: unsafe-perm in lifecycle true
13 verbose lifecycle javascript-development-environment@1.0.0~start: PATH: /Users/n0292545/.nvm/versions/node/v6.9.4/lib/node_modules/npm/bin/node-gyp-bin:/Users/n0292545/Workspace/startup-kit/node_modules/.bin:/opt/local/bin:/opt/local/sbin:/Users/n0292545/.nvm/versions/node/v6.9.4/bin:/usr/local/bin:/usr/bin:/bin:/usr/sbin:/sbin:/opt/X11/bin:/usr/local/share/dotnet:/Library/Frameworks/Mono.framework/Versions/Current/Commands
14 verbose lifecycle javascript-development-environment@1.0.0~start: CWD: /Users/n0292545/Workspace/startup-kit
15 silly lifecycle javascript-development-environment@1.0.0~start: Args: [ '-c',
15 silly lifecycle   'npm-run-all --parallel open:src lint:watch test:watch start-mockapi' ]
16 silly lifecycle javascript-development-environment@1.0.0~start: Returned: code: 1  signal: null
17 info lifecycle javascript-development-environment@1.0.0~start: Failed to exec start script
18 verbose stack Error: javascript-development-environment@1.0.0 start: `npm-run-all --parallel open:src lint:watch test:watch start-mockapi`
18 verbose stack Exit status 1
18 verbose stack     at EventEmitter.<anonymous> (/Users/n0292545/.nvm/versions/node/v6.9.4/lib/node_modules/npm/lib/utils/lifecycle.js:255:16)
18 verbose stack     at emitTwo (events.js:106:13)
18 verbose stack     at EventEmitter.emit (events.js:191:7)
18 verbose stack     at ChildProcess.<anonymous> (/Users/n0292545/.nvm/versions/node/v6.9.4/lib/node_modules/npm/lib/utils/spawn.js:40:14)
18 verbose stack     at emitTwo (events.js:106:13)
18 verbose stack     at ChildProcess.emit (events.js:191:7)
18 verbose stack     at maybeClose (internal/child_process.js:877:16)
18 verbose stack     at Process.ChildProcess._handle.onexit (internal/child_process.js:226:5)
19 verbose pkgid javascript-development-environment@1.0.0
20 verbose cwd /Users/n0292545/Workspace/startup-kit
21 error Darwin 16.6.0
22 error argv "/Users/n0292545/.nvm/versions/node/v6.9.4/bin/node" "/Users/n0292545/.nvm/versions/node/v6.9.4/bin/npm" "start"
23 error node v6.9.4
24 error npm  v3.10.10
25 error code ELIFECYCLE
26 error javascript-development-environment@1.0.0 start: `npm-run-all --parallel open:src lint:watch test:watch start-mockapi`
26 error Exit status 1
27 error Failed at the javascript-development-environment@1.0.0 start script 'npm-run-all --parallel open:src lint:watch test:watch start-mockapi'.
27 error Make sure you have the latest version of node.js and npm installed.
27 error If you do, this is most likely a problem with the javascript-development-environment package,
27 error not with npm itself.
27 error Tell the author that this fails on your system:
27 error     npm-run-all --parallel open:src lint:watch test:watch start-mockapi
27 error You can get information on how to open an issue for this project with:
27 error     npm bugs javascript-development-environment
27 error Or if that isn't available, you can get their info via:
27 error     npm owner ls javascript-development-environment
27 error There is likely additional logging output above.
28 verbose exit [ 1, true ]
